2025-06-10 07:57:57.118 [info] [main] Log level: Info
2025-06-10 07:57:57.118 [info] [main] Validating found git in: "git"
2025-06-10 07:57:57.118 [info] [main] Using git "2.34.1" from "git"
2025-06-10 07:57:57.118 [info] [Model][doInitialScan] Initial repository scan started
2025-06-10 07:57:57.118 [info] > git rev-parse --show-toplevel [1ms]
2025-06-10 07:57:57.118 [info] > git rev-parse --git-dir --git-common-dir [2ms]
2025-06-10 07:57:57.118 [info] [Model][openRepository] Opened repository (path): /home/ubuntu
2025-06-10 07:57:57.118 [info] [Model][openRepository] Opened repository (real path): /home/ubuntu
2025-06-10 07:57:57.118 [info] > git config --get commit.template [3ms]
2025-06-10 07:57:57.118 [info] > git rev-parse --show-toplevel [2ms]
2025-06-10 07:57:57.118 [info] > git for-each-ref --format=%(refname)%00%(upstream:short)%00%(objectname)%00%(upstream:track)%00%(upstream:remotename)%00%(upstream:remoteref) refs/heads/master refs/remotes/master [4ms]
2025-06-10 07:57:57.118 [info] > git rev-parse --show-toplevel [7ms]
2025-06-10 07:57:57.118 [info] > git for-each-ref --sort -committerdate --format %(refname)%00%(objectname)%00%(*objectname) [3ms]
2025-06-10 07:57:57.118 [info] > git rev-parse --show-toplevel [2ms]
2025-06-10 07:57:57.118 [info] > git rev-parse --show-toplevel [1ms]
2025-06-10 07:57:57.118 [info] > git rev-parse --show-toplevel [1ms]
2025-06-10 07:57:57.118 [info] > git rev-parse --show-toplevel [1ms]
2025-06-10 07:57:57.118 [info] > git rev-parse --git-dir --git-common-dir [1ms]
2025-06-10 07:57:57.118 [info] [Model][openRepository] Opened repository (path): /home/ubuntu/.nvm
2025-06-10 07:57:57.118 [info] [Model][openRepository] Opened repository (real path): /home/ubuntu/.nvm
2025-06-10 07:57:57.118 [info] > git config --get commit.template [3ms]
2025-06-10 07:57:57.118 [info] > git rev-parse --show-toplevel [2ms]
2025-06-10 07:57:57.118 [info] > git for-each-ref --format %(refname)%00%(objectname)%00%(*objectname) refs/tags [3ms]
2025-06-10 07:57:57.118 [info] > git status -z -uall [44ms]
2025-06-10 07:57:57.118 [info] > git rev-parse --show-toplevel [18ms]
2025-06-10 07:57:57.118 [info] > git status -z -uall [21ms]
2025-06-10 07:57:57.118 [info] > git for-each-ref --format=%(refname)%00%(upstream:short)%00%(objectname)%00%(upstream:track)%00%(upstream:remotename)%00%(upstream:remoteref) refs/heads/master refs/remotes/master [8ms]
2025-06-10 07:57:57.118 [info] > git for-each-ref --sort -committerdate --format %(refname)%00%(objectname)%00%(*objectname) [22ms]
2025-06-10 07:57:57.118 [info] > git rev-parse --show-toplevel [6ms]
2025-06-10 07:57:57.118 [info] [Model][doInitialScan] Initial repository scan completed - repositories (2), closed repositories (0), parent repositories (0), unsafe repositories (0)
2025-06-10 07:57:57.118 [info] > git config --get commit.template [12ms]
2025-06-10 07:57:57.119 [info] > git config --get --local branch.master.vscode-merge-base [31ms]
2025-06-10 07:57:57.119 [warning] [Git][config] git config failed: Failed to execute git
2025-06-10 07:57:57.119 [info] > git config --get commit.template [6ms]
2025-06-10 07:57:57.119 [info] > git reflog master --grep-reflog=branch: Created from *. [4ms]
2025-06-10 07:57:57.119 [info] > git for-each-ref --format=%(refname)%00%(upstream:short)%00%(objectname)%00%(upstream:track)%00%(upstream:remotename)%00%(upstream:remoteref) refs/heads/master refs/remotes/master [7ms]
2025-06-10 07:57:57.119 [info] > git for-each-ref --format %(refname)%00%(objectname)%00%(*objectname) refs/tags [7ms]
2025-06-10 07:57:57.119 [info] > git symbolic-ref --short refs/remotes/origin/HEAD [14ms]
2025-06-10 07:57:57.119 [info] fatal: ref refs/remotes/origin/HEAD is not a symbolic ref
2025-06-10 07:57:57.119 [warning] [Repository][getDefaultBranch] Failed to get default branch details: Failed to execute git.
2025-06-10 07:57:57.119 [info] > git for-each-ref --sort -committerdate --format %(refname)%00%(objectname)%00%(*objectname) [8ms]
2025-06-10 07:57:57.119 [info] > git for-each-ref --sort -committerdate --format %(refname)%00%(objectname)%00%(*objectname) [3ms]
2025-06-10 07:57:57.119 [info] > git status -z -uall [18ms]
2025-06-10 07:57:57.119 [info] > git status -z -uall [42ms]
2025-06-10 07:57:57.596 [info] > git rev-parse --show-toplevel [2ms]
2025-06-10 07:58:06.943 [info] > git config --get commit.template [4ms]
2025-06-10 07:58:06.944 [info] > git for-each-ref --format=%(refname)%00%(upstream:short)%00%(objectname)%00%(upstream:track)%00%(upstream:remotename)%00%(upstream:remoteref) refs/heads/master refs/remotes/master [2ms]
2025-06-10 07:58:06.951 [info] > git for-each-ref --sort -committerdate --format %(refname)%00%(objectname)%00%(*objectname) [1ms]
2025-06-10 07:58:06.986 [info] > git status -z -uall [40ms]
2025-06-10 07:58:12.000 [info] > git config --get commit.template [5ms]
2025-06-10 07:58:12.001 [info] > git for-each-ref --format=%(refname)%00%(upstream:short)%00%(objectname)%00%(upstream:track)%00%(upstream:remotename)%00%(upstream:remoteref) refs/heads/master refs/remotes/master [2ms]
2025-06-10 07:58:12.008 [info] > git for-each-ref --sort -committerdate --format %(refname)%00%(objectname)%00%(*objectname) [1ms]
2025-06-10 07:58:12.048 [info] > git status -z -uall [44ms]
2025-06-10 07:58:17.061 [info] > git config --get commit.template [4ms]
2025-06-10 07:58:17.061 [info] > git for-each-ref --format=%(refname)%00%(upstream:short)%00%(objectname)%00%(upstream:track)%00%(upstream:remotename)%00%(upstream:remoteref) refs/heads/master refs/remotes/master [1ms]
2025-06-10 07:58:17.069 [info] > git for-each-ref --sort -committerdate --format %(refname)%00%(objectname)%00%(*objectname) [1ms]
2025-06-10 07:58:17.108 [info] > git status -z -uall [43ms]
2025-06-10 07:58:22.119 [info] > git config --get commit.template [2ms]
2025-06-10 07:58:22.124 [info] > git for-each-ref --format=%(refname)%00%(upstream:short)%00%(objectname)%00%(upstream:track)%00%(upstream:remotename)%00%(upstream:remoteref) refs/heads/master refs/remotes/master [1ms]
2025-06-10 07:58:22.133 [info] > git for-each-ref --sort -committerdate --format %(refname)%00%(objectname)%00%(*objectname) [1ms]
2025-06-10 07:58:22.166 [info] > git status -z -uall [39ms]
2025-06-10 07:58:27.181 [info] > git config --get commit.template [4ms]
2025-06-10 07:58:27.182 [info] > git for-each-ref --format=%(refname)%00%(upstream:short)%00%(objectname)%00%(upstream:track)%00%(upstream:remotename)%00%(upstream:remoteref) refs/heads/master refs/remotes/master [1ms]
2025-06-10 07:58:27.189 [info] > git for-each-ref --sort -committerdate --format %(refname)%00%(objectname)%00%(*objectname) [2ms]
2025-06-10 07:58:27.225 [info] > git status -z -uall [40ms]
2025-06-10 07:58:32.236 [info] > git config --get commit.template [3ms]
2025-06-10 07:58:32.236 [info] > git for-each-ref --format=%(refname)%00%(upstream:short)%00%(objectname)%00%(upstream:track)%00%(upstream:remotename)%00%(upstream:remoteref) refs/heads/master refs/remotes/master [1ms]
2025-06-10 07:58:32.244 [info] > git for-each-ref --sort -committerdate --format %(refname)%00%(objectname)%00%(*objectname) [1ms]
2025-06-10 07:58:32.276 [info] > git status -z -uall [38ms]
2025-06-10 07:58:37.289 [info] > git config --get commit.template [5ms]
2025-06-10 07:58:37.290 [info] > git for-each-ref --format=%(refname)%00%(upstream:short)%00%(objectname)%00%(upstream:track)%00%(upstream:remotename)%00%(upstream:remoteref) refs/heads/master refs/remotes/master [1ms]
2025-06-10 07:58:37.299 [info] > git for-each-ref --sort -committerdate --format %(refname)%00%(objectname)%00%(*objectname) [1ms]
2025-06-10 07:58:37.332 [info] > git status -z -uall [38ms]
2025-06-10 07:58:42.341 [info] > git config --get commit.template [3ms]
2025-06-10 07:58:42.341 [info] > git for-each-ref --format=%(refname)%00%(upstream:short)%00%(objectname)%00%(upstream:track)%00%(upstream:remotename)%00%(upstream:remoteref) refs/heads/master refs/remotes/master [1ms]
2025-06-10 07:58:42.347 [info] > git for-each-ref --sort -committerdate --format %(refname)%00%(objectname)%00%(*objectname) [1ms]
2025-06-10 07:58:42.380 [info] > git status -z -uall [36ms]
2025-06-10 07:58:47.392 [info] > git config --get commit.template [4ms]
2025-06-10 07:58:47.393 [info] > git for-each-ref --format=%(refname)%00%(upstream:short)%00%(objectname)%00%(upstream:track)%00%(upstream:remotename)%00%(upstream:remoteref) refs/heads/master refs/remotes/master [2ms]
2025-06-10 07:58:47.402 [info] > git for-each-ref --sort -committerdate --format %(refname)%00%(objectname)%00%(*objectname) [2ms]
2025-06-10 07:58:47.441 [info] > git status -z -uall [43ms]
2025-06-10 07:58:52.451 [info] > git config --get commit.template [2ms]
2025-06-10 07:58:52.456 [info] > git for-each-ref --format=%(refname)%00%(upstream:short)%00%(objectname)%00%(upstream:track)%00%(upstream:remotename)%00%(upstream:remoteref) refs/heads/master refs/remotes/master [1ms]
2025-06-10 07:58:52.465 [info] > git for-each-ref --sort -committerdate --format %(refname)%00%(objectname)%00%(*objectname) [2ms]
2025-06-10 07:58:52.508 [info] > git status -z -uall [49ms]
2025-06-10 07:58:57.521 [info] > git config --get commit.template [4ms]
2025-06-10 07:58:57.521 [info] > git for-each-ref --format=%(refname)%00%(upstream:short)%00%(objectname)%00%(upstream:track)%00%(upstream:remotename)%00%(upstream:remoteref) refs/heads/master refs/remotes/master [1ms]
2025-06-10 07:58:57.529 [info] > git for-each-ref --sort -committerdate --format %(refname)%00%(objectname)%00%(*objectname) [2ms]
2025-06-10 07:58:57.566 [info] > git status -z -uall [42ms]
2025-06-10 07:59:02.577 [info] > git config --get commit.template [4ms]
2025-06-10 07:59:02.577 [info] > git for-each-ref --format=%(refname)%00%(upstream:short)%00%(objectname)%00%(upstream:track)%00%(upstream:remotename)%00%(upstream:remoteref) refs/heads/master refs/remotes/master [1ms]
2025-06-10 07:59:02.584 [info] > git for-each-ref --sort -committerdate --format %(refname)%00%(objectname)%00%(*objectname) [1ms]
2025-06-10 07:59:02.623 [info] > git status -z -uall [43ms]
2025-06-10 07:59:07.634 [info] > git config --get commit.template [3ms]
2025-06-10 07:59:07.634 [info] > git for-each-ref --format=%(refname)%00%(upstream:short)%00%(objectname)%00%(upstream:track)%00%(upstream:remotename)%00%(upstream:remoteref) refs/heads/master refs/remotes/master [1ms]
2025-06-10 07:59:07.640 [info] > git for-each-ref --sort -committerdate --format %(refname)%00%(objectname)%00%(*objectname) [2ms]
2025-06-10 07:59:07.674 [info] > git status -z -uall [38ms]
2025-06-10 07:59:12.684 [info] > git config --get commit.template [3ms]
2025-06-10 07:59:12.684 [info] > git for-each-ref --format=%(refname)%00%(upstream:short)%00%(objectname)%00%(upstream:track)%00%(upstream:remotename)%00%(upstream:remoteref) refs/heads/master refs/remotes/master [1ms]
2025-06-10 07:59:12.691 [info] > git for-each-ref --sort -committerdate --format %(refname)%00%(objectname)%00%(*objectname) [1ms]
2025-06-10 07:59:12.729 [info] > git status -z -uall [41ms]
2025-06-10 07:59:17.739 [info] > git config --get commit.template [3ms]
2025-06-10 07:59:17.740 [info] > git for-each-ref --format=%(refname)%00%(upstream:short)%00%(objectname)%00%(upstream:track)%00%(upstream:remotename)%00%(upstream:remoteref) refs/heads/master refs/remotes/master [2ms]
2025-06-10 07:59:17.746 [info] > git for-each-ref --sort -committerdate --format %(refname)%00%(objectname)%00%(*objectname) [2ms]
2025-06-10 07:59:17.783 [info] > git status -z -uall [40ms]
2025-06-10 07:59:22.793 [info] > git config --get commit.template [3ms]
2025-06-10 07:59:22.794 [info] > git for-each-ref --format=%(refname)%00%(upstream:short)%00%(objectname)%00%(upstream:track)%00%(upstream:remotename)%00%(upstream:remoteref) refs/heads/master refs/remotes/master [2ms]
2025-06-10 07:59:22.807 [info] > git for-each-ref --sort -committerdate --format %(refname)%00%(objectname)%00%(*objectname) [7ms]
2025-06-10 07:59:22.841 [info] > git status -z -uall [43ms]
2025-06-10 07:59:27.851 [info] > git config --get commit.template [3ms]
2025-06-10 07:59:27.852 [info] > git for-each-ref --format=%(refname)%00%(upstream:short)%00%(objectname)%00%(upstream:track)%00%(upstream:remotename)%00%(upstream:remoteref) refs/heads/master refs/remotes/master [1ms]
2025-06-10 07:59:27.859 [info] > git for-each-ref --sort -committerdate --format %(refname)%00%(objectname)%00%(*objectname) [1ms]
2025-06-10 07:59:27.896 [info] > git status -z -uall [42ms]
2025-06-10 07:59:32.908 [info] > git config --get commit.template [4ms]
2025-06-10 07:59:32.908 [info] > git for-each-ref --format=%(refname)%00%(upstream:short)%00%(objectname)%00%(upstream:track)%00%(upstream:remotename)%00%(upstream:remoteref) refs/heads/master refs/remotes/master [1ms]
2025-06-10 07:59:32.916 [info] > git for-each-ref --sort -committerdate --format %(refname)%00%(objectname)%00%(*objectname) [2ms]
2025-06-10 07:59:32.953 [info] > git status -z -uall [42ms]
2025-06-10 07:59:37.963 [info] > git config --get commit.template [3ms]
2025-06-10 07:59:37.964 [info] > git for-each-ref --format=%(refname)%00%(upstream:short)%00%(objectname)%00%(upstream:track)%00%(upstream:remotename)%00%(upstream:remoteref) refs/heads/master refs/remotes/master [1ms]
2025-06-10 07:59:37.972 [info] > git for-each-ref --sort -committerdate --format %(refname)%00%(objectname)%00%(*objectname) [3ms]
2025-06-10 07:59:38.017 [info] > git status -z -uall [51ms]
2025-06-10 07:59:41.144 [info] > git check-ignore -v -z --stdin [3ms]
2025-06-10 07:59:42.572 [info] > git log --format=%H%n%aN%n%aE%n%at%n%ct%n%P%n%D%n%B -z --shortstat --diff-merges=first-parent -n50 --skip=0 --topo-order --decorate=full --stdin [1964ms]
2025-06-10 07:59:43.027 [info] > git config --get commit.template [3ms]
2025-06-10 07:59:43.028 [info] > git for-each-ref --format=%(refname)%00%(upstream:short)%00%(objectname)%00%(upstream:track)%00%(upstream:remotename)%00%(upstream:remoteref) refs/heads/master refs/remotes/master [2ms]
2025-06-10 07:59:43.034 [info] > git for-each-ref --sort -committerdate --format %(refname)%00%(objectname)%00%(*objectname) [1ms]
2025-06-10 07:59:43.068 [info] > git status -z -uall [38ms]
2025-06-10 07:59:48.077 [info] > git config --get commit.template [2ms]
2025-06-10 07:59:48.077 [info] > git for-each-ref --format=%(refname)%00%(upstream:short)%00%(objectname)%00%(upstream:track)%00%(upstream:remotename)%00%(upstream:remoteref) refs/heads/master refs/remotes/master [1ms]
2025-06-10 07:59:48.082 [info] > git for-each-ref --sort -committerdate --format %(refname)%00%(objectname)%00%(*objectname) [1ms]
2025-06-10 07:59:48.115 [info] > git status -z -uall [36ms]
2025-06-10 07:59:53.125 [info] > git config --get commit.template [4ms]
2025-06-10 07:59:53.126 [info] > git for-each-ref --format=%(refname)%00%(upstream:short)%00%(objectname)%00%(upstream:track)%00%(upstream:remotename)%00%(upstream:remoteref) refs/heads/master refs/remotes/master [2ms]
2025-06-10 07:59:53.134 [info] > git for-each-ref --sort -committerdate --format %(refname)%00%(objectname)%00%(*objectname) [2ms]
2025-06-10 07:59:53.166 [info] > git status -z -uall [38ms]
2025-06-10 07:59:58.193 [info] > git for-each-ref --format=%(refname)%00%(upstream:short)%00%(objectname)%00%(upstream:track)%00%(upstream:remotename)%00%(upstream:remoteref) refs/heads/master refs/remotes/master [6ms]
2025-06-10 07:59:58.199 [info] > git config --get commit.template [7ms]
2025-06-10 07:59:58.232 [info] > git for-each-ref --sort -committerdate --format %(refname)%00%(objectname)%00%(*objectname) [1ms]
2025-06-10 07:59:58.273 [info] > git status -z -uall [59ms]
2025-06-10 08:00:03.286 [info] > git config --get commit.template [3ms]
2025-06-10 08:00:03.294 [info] > git for-each-ref --format=%(refname)%00%(upstream:short)%00%(objectname)%00%(upstream:track)%00%(upstream:remotename)%00%(upstream:remoteref) refs/heads/master refs/remotes/master [2ms]
2025-06-10 08:00:03.301 [info] > git for-each-ref --sort -committerdate --format %(refname)%00%(objectname)%00%(*objectname) [2ms]
2025-06-10 08:00:03.338 [info] > git status -z -uall [42ms]
2025-06-10 08:00:07.327 [info] > git log --format=%H%n%aN%n%aE%n%at%n%ct%n%P%n%D%n%B -z --shortstat --diff-merges=first-parent -n50 --skip=0 --topo-order --decorate=full --stdin [294ms]
2025-06-10 08:00:08.351 [info] > git config --get commit.template [4ms]
2025-06-10 08:00:08.351 [info] > git for-each-ref --format=%(refname)%00%(upstream:short)%00%(objectname)%00%(upstream:track)%00%(upstream:remotename)%00%(upstream:remoteref) refs/heads/master refs/remotes/master [1ms]
2025-06-10 08:00:08.359 [info] > git for-each-ref --sort -committerdate --format %(refname)%00%(objectname)%00%(*objectname) [2ms]
2025-06-10 08:00:08.398 [info] > git status -z -uall [44ms]
2025-06-10 08:00:13.408 [info] > git config --get commit.template [3ms]
2025-06-10 08:00:13.408 [info] > git for-each-ref --format=%(refname)%00%(upstream:short)%00%(objectname)%00%(upstream:track)%00%(upstream:remotename)%00%(upstream:remoteref) refs/heads/master refs/remotes/master [1ms]
2025-06-10 08:00:13.415 [info] > git for-each-ref --sort -committerdate --format %(refname)%00%(objectname)%00%(*objectname) [1ms]
2025-06-10 08:00:13.448 [info] > git status -z -uall [38ms]
2025-06-10 08:00:16.604 [info] > git add -A -- . [102ms]
2025-06-10 08:00:16.628 [info] > git -c user.useConfigOnly=true commit --quiet --allow-empty-message --file - [20ms]
2025-06-10 08:00:16.633 [info] > git config --get commit.template [1ms]
2025-06-10 08:00:16.650 [info] > git config --get commit.template [4ms]
2025-06-10 08:00:16.651 [info] > git for-each-ref --format=%(refname)%00%(upstream:short)%00%(objectname)%00%(upstream:track)%00%(upstream:remotename)%00%(upstream:remoteref) refs/heads/master refs/remotes/master [2ms]
2025-06-10 08:00:16.658 [info] > git for-each-ref --sort -committerdate --format %(refname)%00%(objectname)%00%(*objectname) [2ms]
2025-06-10 08:00:16.670 [info] > git status -z -uall [16ms]
2025-06-10 08:00:16.683 [info] > git push [1ms]
2025-06-10 08:00:16.683 [info] fatal: The current branch master has no upstream branch.
To push the current branch and set the remote as upstream, use

    git push --set-upstream origin master
2025-06-10 08:00:16.689 [info] > git config --get commit.template [2ms]
2025-06-10 08:00:16.689 [info] > git for-each-ref --format=%(refname)%00%(upstream:short)%00%(objectname)%00%(upstream:track)%00%(upstream:remotename)%00%(upstream:remoteref) refs/heads/master refs/remotes/master [1ms]
2025-06-10 08:00:16.695 [info] > git for-each-ref --sort -committerdate --format %(refname)%00%(objectname)%00%(*objectname) [2ms]
2025-06-10 08:00:16.708 [info] > git status -z -uall [17ms]
2025-06-10 08:00:16.950 [info] > git config --get commit.template [3ms]
2025-06-10 08:00:16.951 [info] > git for-each-ref --format=%(refname)%00%(upstream:short)%00%(objectname)%00%(upstream:track)%00%(upstream:remotename)%00%(upstream:remoteref) refs/heads/master refs/remotes/master [1ms]
2025-06-10 08:00:16.957 [info] > git for-each-ref --sort -committerdate --format %(refname)%00%(objectname)%00%(*objectname) [2ms]
2025-06-10 08:00:16.970 [info] > git status -z -uall [17ms]
2025-06-10 08:00:17.190 [info] > git log --format=%H%n%aN%n%aE%n%at%n%ct%n%P%n%D%n%B -z --shortstat --diff-merges=first-parent -n50 --skip=0 --topo-order --decorate=full --stdin [249ms]
2025-06-10 08:00:17.624 [info] > git check-ignore -v -z --stdin [2ms]
2025-06-10 08:00:18.010 [info] > git config --get commit.template [4ms]
2025-06-10 08:00:18.010 [info] > git for-each-ref --format %(refname)%00%(objectname)%00%(*objectname) refs/tags [1ms]
2025-06-10 08:00:18.021 [info] > git status -z -uall [8ms]
2025-06-10 08:00:18.021 [info] > git for-each-ref --sort -committerdate --format %(refname)%00%(objectname)%00%(*objectname) [4ms]
2025-06-10 08:00:18.458 [info] > git config --get commit.template [4ms]
2025-06-10 08:00:18.458 [info] > git for-each-ref --format=%(refname)%00%(upstream:short)%00%(objectname)%00%(upstream:track)%00%(upstream:remotename)%00%(upstream:remoteref) refs/heads/master refs/remotes/master [1ms]
2025-06-10 08:00:18.467 [info] > git for-each-ref --sort -committerdate --format %(refname)%00%(objectname)%00%(*objectname) [2ms]
2025-06-10 08:00:18.480 [info] > git status -z -uall [18ms]
2025-06-10 08:00:18.527 [info] > git rev-parse --show-toplevel [1ms]
2025-06-10 08:01:24.060 [info] > git push -u origin master [65573ms]
2025-06-10 08:01:24.060 [info] remote: 
remote: Create a pull request for 'master' on GitHub by visiting:        
remote:      https://github.com/Phantomojo/JARVIS/pull/new/master        
remote: 
To https://github.com/Phantomojo/JARVIS.git
 * [new branch]      master -> master
2025-06-10 08:01:24.069 [info] > git config --get commit.template [4ms]
2025-06-10 08:01:24.070 [info] > git for-each-ref --format=%(refname)%00%(upstream:short)%00%(objectname)%00%(upstream:track)%00%(upstream:remotename)%00%(upstream:remoteref) refs/heads/master refs/remotes/master [1ms]
2025-06-10 08:01:24.078 [info] > git for-each-ref --sort -committerdate --format %(refname)%00%(objectname)%00%(*objectname) [2ms]
2025-06-10 08:01:24.090 [info] > git status -z -uall [17ms]
2025-06-10 08:01:24.105 [info] > git merge-base refs/heads/master refs/remotes/origin/master [7ms]
2025-06-10 08:01:24.109 [info] > git config --get commit.template [6ms]
2025-06-10 08:01:24.112 [info] > git diff --name-status -z --diff-filter=ADMR c0e6020bf5a306848feab1a53060e5ae0014a0dd...refs/remotes/origin/master [4ms]
2025-06-10 08:01:24.113 [info] > git for-each-ref --format=%(refname)%00%(upstream:short)%00%(objectname)%00%(upstream:track)%00%(upstream:remotename)%00%(upstream:remoteref) refs/heads/master refs/remotes/master [1ms]
2025-06-10 08:01:24.119 [info] > git for-each-ref --sort -committerdate --format %(refname)%00%(objectname)%00%(*objectname) [1ms]
2025-06-10 08:01:24.132 [info] > git status -z -uall [16ms]
2025-06-10 08:01:24.604 [info] > git log --format=%H%n%aN%n%aE%n%at%n%ct%n%P%n%D%n%B -z --shortstat --diff-merges=first-parent -n50 --skip=0 --topo-order --decorate=full --stdin [258ms]
2025-06-10 08:01:24.988 [info] > git check-ignore -v -z --stdin [3ms]
2025-06-10 08:01:28.893 [info] > git fetch [162ms]
2025-06-10 08:01:28.904 [info] > git config --get commit.template [6ms]
2025-06-10 08:01:28.904 [info] > git for-each-ref --format %(refname)%00%(objectname)%00%(*objectname) refs/tags [1ms]
2025-06-10 08:01:28.912 [info] > git status -z -uall [3ms]
2025-06-10 08:01:28.913 [info] > git for-each-ref --sort -committerdate --format %(refname)%00%(objectname)%00%(*objectname) [1ms]
2025-06-10 08:01:29.253 [info] > git fetch [527ms]
2025-06-10 08:01:29.253 [info] From https://github.com/Phantomojo/JARVIS
 * [new branch]      main       -> origin/main
2025-06-10 08:01:29.261 [info] > git config --get commit.template [4ms]
2025-06-10 08:01:29.262 [info] > git for-each-ref --format=%(refname)%00%(upstream:short)%00%(objectname)%00%(upstream:track)%00%(upstream:remotename)%00%(upstream:remoteref) refs/heads/master refs/remotes/master [2ms]
2025-06-10 08:01:29.269 [info] > git for-each-ref --sort -committerdate --format %(refname)%00%(objectname)%00%(*objectname) [1ms]
2025-06-10 08:01:29.282 [info] > git status -z -uall [17ms]
2025-06-10 08:01:29.292 [info] > git config --get commit.template [4ms]
2025-06-10 08:01:29.292 [info] > git for-each-ref --format=%(refname)%00%(upstream:short)%00%(objectname)%00%(upstream:track)%00%(upstream:remotename)%00%(upstream:remoteref) refs/heads/master refs/remotes/master [1ms]
2025-06-10 08:01:29.300 [info] > git for-each-ref --sort -committerdate --format %(refname)%00%(objectname)%00%(*objectname) [2ms]
2025-06-10 08:01:29.312 [info] > git status -z -uall [17ms]
2025-06-10 08:01:29.420 [info] > git rev-parse --show-toplevel [1ms]
2025-06-10 08:01:29.791 [info] > git log --format=%H%n%aN%n%aE%n%at%n%ct%n%P%n%D%n%B -z --shortstat --diff-merges=first-parent -n50 --skip=0 --topo-order --decorate=full --stdin [262ms]
2025-06-10 08:01:30.168 [info] > git check-ignore -v -z --stdin [2ms]
2025-06-10 08:01:30.250 [info] > git config --get commit.template [4ms]
2025-06-10 08:01:30.250 [info] > git for-each-ref --format %(refname)%00%(objectname)%00%(*objectname) refs/tags [1ms]
2025-06-10 08:01:30.256 [info] > git status -z -uall [3ms]
2025-06-10 08:01:30.257 [info] > git for-each-ref --sort -committerdate --format %(refname)%00%(objectname)%00%(*objectname) [1ms]
2025-06-10 08:01:30.763 [info] > git rev-parse --show-toplevel [1ms]
2025-06-10 08:01:34.323 [info] > git config --get commit.template [3ms]
2025-06-10 08:01:34.324 [info] > git for-each-ref --format=%(refname)%00%(upstream:short)%00%(objectname)%00%(upstream:track)%00%(upstream:remotename)%00%(upstream:remoteref) refs/heads/master refs/remotes/master [1ms]
2025-06-10 08:01:34.331 [info] > git for-each-ref --sort -committerdate --format %(refname)%00%(objectname)%00%(*objectname) [1ms]
2025-06-10 08:01:34.345 [info] > git status -z -uall [18ms]
2025-06-10 08:01:35.204 [info] > git check-ignore -v -z --stdin [2ms]
