2025-06-10 07:57:57.866 [info] Reading sessions from keychain...
2025-06-10 07:57:57.866 [info] Getting sessions for all scopes...
2025-06-10 07:57:57.866 [info] Getting sessions for all scopes...
2025-06-10 07:57:57.866 [info] Got 0 sessions for ...
2025-06-10 07:57:57.866 [info] Got 0 sessions for ...
2025-06-10 07:57:58.090 [info] Getting sessions for read:user,repo,user:email,workflow...
2025-06-10 07:57:58.090 [info] Getting sessions for read:user,repo,user:email...
2025-06-10 07:57:58.090 [info] Got 0 sessions for read:user,repo,user:email,workflow...
2025-06-10 07:57:58.090 [info] Got 0 sessions for read:user,repo,user:email...
2025-06-10 07:57:58.768 [info] Getting sessions for read:user,repo,user:email...
2025-06-10 07:57:58.768 [info] Got 0 sessions for read:user,repo,user:email...
2025-06-10 07:57:59.449 [info] Getting sessions for read:user,repo,user:email...
2025-06-10 07:57:59.449 [info] Got 0 sessions for read:user,repo,user:email...
2025-06-10 07:59:43.027 [info] Getting sessions for read:user,repo,user:email,workflow...
2025-06-10 07:59:43.027 [info] Got 0 sessions for read:user,repo,user:email,workflow...
2025-06-10 08:00:19.066 [info] Getting sessions for read:user,repo,user:email,workflow...
2025-06-10 08:00:19.066 [info] Got 0 sessions for read:user,repo,user:email,workflow...
2025-06-10 08:00:22.988 [info] Logging in with 'any' account...
2025-06-10 08:00:22.988 [info] Logging in for the following scopes: read:user repo user:email workflow
2025-06-10 08:00:23.531 [info] Trying device code flow... (read:user repo user:email workflow)
2025-06-10 08:01:08.149 [info] Getting user info...
2025-06-10 08:01:08.601 [info] Got account info!
2025-06-10 08:01:08.602 [info] Storing 1 sessions...
2025-06-10 08:01:08.830 [info] Reading sessions from keychain...
2025-06-10 08:01:08.830 [info] Stored 1 sessions!
2025-06-10 08:01:08.831 [info] Login success!
2025-06-10 08:01:09.063 [info] Got stored sessions!
2025-06-10 08:01:09.132 [info] Got 1 verified sessions.
2025-06-10 08:01:09.706 [info] Getting sessions for read:user,repo,user:email,workflow...
2025-06-10 08:01:09.707 [info] Getting sessions for read:user,repo,user:email...
2025-06-10 08:01:09.707 [info] Got 1 sessions for read:user,repo,user:email,workflow...
2025-06-10 08:01:09.707 [info] Got 0 sessions for read:user,repo,user:email...
2025-06-10 08:01:10.814 [info] Getting sessions for read:user,repo,user:email...
2025-06-10 08:01:10.814 [info] Got 0 sessions for read:user,repo,user:email...
2025-06-10 08:01:11.168 [info] Getting sessions for read:user,repo,user:email,workflow...
2025-06-10 08:01:11.168 [info] Got 1 sessions for read:user,repo,user:email,workflow...
2025-06-10 08:01:11.490 [info] Getting sessions for read:user,repo,user:email...
2025-06-10 08:01:11.490 [info] Got 0 sessions for read:user,repo,user:email...
2025-06-10 08:01:12.276 [info] Getting sessions for read:user,repo,user:email...
2025-06-10 08:01:12.276 [info] Got 0 sessions for read:user,repo,user:email...
2025-06-10 08:01:12.954 [info] Getting sessions for read:user,repo,user:email...
2025-06-10 08:01:12.954 [info] Got 0 sessions for read:user,repo,user:email...
2025-06-10 08:01:25.058 [info] Getting sessions for read:user,repo,user:email,workflow...
2025-06-10 08:01:25.058 [info] Got 1 sessions for read:user,repo,user:email,workflow...
2025-06-10 08:01:25.128 [info] Getting sessions for read:user,repo,user:email...
2025-06-10 08:01:25.128 [info] Got 0 sessions for read:user,repo,user:email...
2025-06-10 08:01:26.167 [info] Getting sessions for read:user,repo,user:email,workflow...
2025-06-10 08:01:26.167 [info] Got 1 sessions for read:user,repo,user:email,workflow...
