2025-06-10 07:57:55.436 [info] Extension host with pid 20285 started
2025-06-10 07:57:55.436 [error] Error: EEXIST: file already exists, open '/home/ubuntu/.local/share/code-server/User/workspaceStorage/77e0bbec/vscode.lock'
2025-06-10 07:57:55.436 [info] Lock '/home/ubuntu/.local/share/code-server/User/workspaceStorage/77e0bbec/vscode.lock': Could not acquire lock, checking if the file is stale.
2025-06-10 07:57:55.440 [info] Lock '/home/ubuntu/.local/share/code-server/User/workspaceStorage/77e0bbec/vscode.lock': The lock does not look stale, elapsed: 820 ms, giving up.
2025-06-10 07:57:55.447 [info] Lock '/home/ubuntu/.local/share/code-server/User/workspaceStorage/77e0bbec-1/vscode.lock': Lock acquired.
2025-06-10 07:57:55.747 [info] ExtensionService#_doActivateExtension vscode.emmet, startup: false, activationEvent: 'onLanguage'
2025-06-10 07:57:56.034 [info] ExtensionService#_doActivateExtension vscode.git-base, startup: true, activationEvent: '*', root cause: vscode.git
2025-06-10 07:57:56.271 [info] ExtensionService#_doActivateExtension vscode.git, startup: true, activationEvent: '*'
2025-06-10 07:57:56.272 [info] ExtensionService#_doActivateExtension vscode.github, startup: true, activationEvent: '*'
2025-06-10 07:57:56.657 [info] Eager extensions activated
2025-06-10 07:57:56.658 [info] ExtensionService#_doActivateExtension vscode.debug-auto-launch, startup: false, activationEvent: 'onStartupFinished'
2025-06-10 07:57:56.658 [info] ExtensionService#_doActivateExtension vscode.merge-conflict, startup: false, activationEvent: 'onStartupFinished'
2025-06-10 07:57:56.659 [info] ExtensionService#_doActivateExtension eamodio.gitlens, startup: false, activationEvent: 'onStartupFinished'
2025-06-10 07:57:57.354 [info] ExtensionService#_doActivateExtension vscode.github-authentication, startup: false, activationEvent: 'onAuthenticationRequest:github'
2025-06-10 07:59:54.775 [info] ExtensionService#_doActivateExtension vscode.npm, startup: false, activationEvent: 'onTerminalQuickFixRequest:ms-vscode.npm-command'
2025-06-10 08:00:01.532 [info] ExtensionService#_doActivateExtension vscode.configuration-editing, startup: false, activationEvent: 'onLanguage:json'
2025-06-10 08:00:01.532 [info] ExtensionService#_doActivateExtension vscode.extension-editing, startup: false, activationEvent: 'onLanguage:json'
2025-06-10 08:00:01.533 [info] ExtensionService#_doActivateExtension vscode.json-language-features, startup: false, activationEvent: 'onLanguage:json'
2025-06-10 08:01:10.960 [error] Error: 'github' authentication is required for this operation
	at GitHubGitProvider.r (/home/ubuntu/.local/share/code-server/extensions/eamodio.gitlens-17.1.1-universal/dist/integrations.js:668:5428)
2025-06-10 08:01:12.039 [error] Error: 'github' authentication is required for this operation
	at GitHubGitProvider.r (/home/ubuntu/.local/share/code-server/extensions/eamodio.gitlens-17.1.1-universal/dist/integrations.js:668:5428)
2025-06-10 08:01:27.548 [info] ExtensionService#_doActivateExtension vscode.typescript-language-features, startup: false, activationEvent: 'onLanguage:jsonc'
